<?xml version="1.0" encoding="UTF-8"?>
<!-- Generated by org.testng.reporters.JUnitReportReporter -->
<testsuite skipped="0" hostname="DESKTOP-R0NN6DE" name="com.eg2.qa.testcases.IndiGoLoginPageTest" tests="1" failures="0" timestamp="2021-04-06T11:32:15 IST" time="20.573" errors="0">
  <testcase name="indiGoLoginPageTest" time="20.573" classname="com.eg2.qa.testcases.IndiGoLoginPageTest"/>
  <system-out/>
</testsuite> <!-- com.eg2.qa.testcases.IndiGoLoginPageTest -->
